[ 2019-06-18T08:06:42+08:00 ] ::1 /favicon.ico
INFO: [ app_init ] --START--
INFO: Run Behavior\BuildLiteBehavior [ RunTime:0.000018s ]
INFO: [ app_init ] --END-- [ RunTime:0.001091s ]

[ 2019-06-18T08:06:45+08:00 ] ::1 /Apps/home/view/%7B$Login.login()%7D
INFO: [ app_init ] --START--
INFO: Run Behavior\BuildLiteBehavior [ RunTime:0.000016s ]
INFO: [ app_init ] --END-- [ RunTime:0.000870s ]
INFO: [ app_begin ] --START--
INFO: Run Behavior\ReadHtmlCacheBehavior [ RunTime:0.002460s ]
INFO: [ app_begin ] --END-- [ RunTime:0.002570s ]
ERR: 无法加载控制器:Apps

[ 2019-06-18T08:06:50+08:00 ] ::1 /Apps/home/view/%7B$Login.login()%7D
INFO: [ app_init ] --START--
INFO: Run Behavior\BuildLiteBehavior [ RunTime:0.000017s ]
INFO: [ app_init ] --END-- [ RunTime:0.000894s ]
INFO: [ app_begin ] --START--
INFO: Run Behavior\ReadHtmlCacheBehavior [ RunTime:0.001151s ]
INFO: [ app_begin ] --END-- [ RunTime:0.001222s ]
ERR: 无法加载控制器:Apps

[ 2019-06-18T08:24:31+08:00 ] ::1 /Apps/home/view/%7B$Login.login()%7D
INFO: [ app_init ] --START--
INFO: Run Behavior\BuildLiteBehavior [ RunTime:0.000017s ]
INFO: [ app_init ] --END-- [ RunTime:0.001048s ]
INFO: [ app_begin ] --START--
INFO: Run Behavior\ReadHtmlCacheBehavior [ RunTime:0.001714s ]
INFO: [ app_begin ] --END-- [ RunTime:0.001785s ]
ERR: 无法加载控制器:Apps

