[ 2019-06-17T15:59:22+08:00 ] ::1 //tp3.2.3//Apps//Home/Public/css/login.css
INFO: [ app_init ] --START--
INFO: Run Behavior\BuildLiteBehavior [ RunTime:0.000016s ]
INFO: [ app_init ] --END-- [ RunTime:0.001115s ]
INFO: [ app_begin ] --START--
INFO: Run Behavior\ReadHtmlCacheBehavior [ RunTime:0.001741s ]
INFO: [ app_begin ] --END-- [ RunTime:0.001816s ]
ERR: 无法加载控制器:Apps

[ 2019-06-17T15:59:25+08:00 ] ::1 //tp3.2.3//Apps//Home//View//%7B$Login.login()%7D
INFO: [ app_init ] --START--
INFO: Run Behavior\BuildLiteBehavior [ RunTime:0.000016s ]
INFO: [ app_init ] --END-- [ RunTime:0.000851s ]
INFO: [ app_begin ] --START--
INFO: Run Behavior\ReadHtmlCacheBehavior [ RunTime:0.001146s ]
INFO: [ app_begin ] --END-- [ RunTime:0.001215s ]
ERR: 无法加载控制器:Apps

[ 2019-06-17T15:59:28+08:00 ] ::1 //tp3.2.3//Apps//Home/Public/css/login.css
INFO: [ app_init ] --START--
INFO: Run Behavior\BuildLiteBehavior [ RunTime:0.000016s ]
INFO: [ app_init ] --END-- [ RunTime:0.000856s ]
INFO: [ app_begin ] --START--
INFO: Run Behavior\ReadHtmlCacheBehavior [ RunTime:0.001152s ]
INFO: [ app_begin ] --END-- [ RunTime:0.001220s ]
ERR: 无法加载控制器:Apps

[ 2019-06-17T16:00:00+08:00 ] ::1 /tp3.2.3/Apps/Login/select
INFO: [ app_init ] --START--
INFO: Run Behavior\BuildLiteBehavior [ RunTime:0.000021s ]
INFO: [ app_init ] --END-- [ RunTime:0.001000s ]
INFO: [ app_begin ] --START--
INFO: Run Behavior\ReadHtmlCacheBehavior [ RunTime:0.001195s ]
INFO: [ app_begin ] --END-- [ RunTime:0.001266s ]
ERR: 无法加载控制器:Apps

[ 2019-06-17T16:00:05+08:00 ] ::1 /tp3.2.3/Login/select
INFO: [ app_init ] --START--
INFO: Run Behavior\BuildLiteBehavior [ RunTime:0.000016s ]
INFO: [ app_init ] --END-- [ RunTime:0.000857s ]
INFO: [ app_begin ] --START--
INFO: Run Behavior\ReadHtmlCacheBehavior [ RunTime:0.001168s ]
INFO: [ app_begin ] --END-- [ RunTime:0.001251s ]
NOTIC: [8192] mysql_connect(): The mysql extension is deprecated and will be removed in the future: use mysqli or PDO instead F:\phpStudy\WWW\tp3.2.3\Apps\Home\Controller\LoginController.class.php 第 345 行.
NOTIC: [8] Undefined offset: 2 F:\phpStudy\WWW\tp3.2.3\Apps\Home\Controller\LoginController.class.php 第 390 行.
NOTIC: [8] Undefined offset: 2 F:\phpStudy\WWW\tp3.2.3\Apps\Home\Controller\LoginController.class.php 第 391 行.
NOTIC: [8] Undefined offset: 2 F:\phpStudy\WWW\tp3.2.3\Apps\Home\Controller\LoginController.class.php 第 392 行.
NOTIC: [8] Undefined offset: 2 F:\phpStudy\WWW\tp3.2.3\Apps\Home\Controller\LoginController.class.php 第 393 行.
ERR: 模板不存在:./Apps/Home/View/./Login_select().html

[ 2019-06-17T16:01:11+08:00 ] ::1 /tp3.2.3/Login/select
INFO: [ app_init ] --START--
INFO: Run Behavior\BuildLiteBehavior [ RunTime:0.000016s ]
INFO: [ app_init ] --END-- [ RunTime:0.001020s ]
INFO: [ app_begin ] --START--
INFO: Run Behavior\ReadHtmlCacheBehavior [ RunTime:0.001688s ]
INFO: [ app_begin ] --END-- [ RunTime:0.001756s ]
NOTIC: [8192] mysql_connect(): The mysql extension is deprecated and will be removed in the future: use mysqli or PDO instead F:\phpStudy\WWW\tp3.2.3\Apps\Home\Controller\LoginController.class.php 第 345 行.
NOTIC: [8] Undefined offset: 2 F:\phpStudy\WWW\tp3.2.3\Apps\Home\Controller\LoginController.class.php 第 390 行.
NOTIC: [8] Undefined offset: 2 F:\phpStudy\WWW\tp3.2.3\Apps\Home\Controller\LoginController.class.php 第 391 行.
NOTIC: [8] Undefined offset: 2 F:\phpStudy\WWW\tp3.2.3\Apps\Home\Controller\LoginController.class.php 第 392 行.
NOTIC: [8] Undefined offset: 2 F:\phpStudy\WWW\tp3.2.3\Apps\Home\Controller\LoginController.class.php 第 393 行.
ERR: 模板不存在:./Apps/Home/View/./Login_select().html

[ 2019-06-17T16:02:04+08:00 ] ::1 /tp3.2.3/Apps/Login/select
INFO: [ app_init ] --START--
INFO: Run Behavior\BuildLiteBehavior [ RunTime:0.000016s ]
INFO: [ app_init ] --END-- [ RunTime:0.001077s ]
INFO: [ app_begin ] --START--
INFO: Run Behavior\ReadHtmlCacheBehavior [ RunTime:0.001766s ]
INFO: [ app_begin ] --END-- [ RunTime:0.001835s ]
ERR: 无法加载控制器:Apps

[ 2019-06-17T16:02:06+08:00 ] ::1 /tp3.2.3/Apps/Login/select
INFO: [ app_init ] --START--
INFO: Run Behavior\BuildLiteBehavior [ RunTime:0.000016s ]
INFO: [ app_init ] --END-- [ RunTime:0.000864s ]
INFO: [ app_begin ] --START--
INFO: Run Behavior\ReadHtmlCacheBehavior [ RunTime:0.001158s ]
INFO: [ app_begin ] --END-- [ RunTime:0.001225s ]
ERR: 无法加载控制器:Apps

[ 2019-06-17T16:02:08+08:00 ] ::1 /tp3.2.3/Login/select
INFO: [ app_init ] --START--
INFO: Run Behavior\BuildLiteBehavior [ RunTime:0.000016s ]
INFO: [ app_init ] --END-- [ RunTime:0.000870s ]
INFO: [ app_begin ] --START--
INFO: Run Behavior\ReadHtmlCacheBehavior [ RunTime:0.001126s ]
INFO: [ app_begin ] --END-- [ RunTime:0.001194s ]
NOTIC: [8192] mysql_connect(): The mysql extension is deprecated and will be removed in the future: use mysqli or PDO instead F:\phpStudy\WWW\tp3.2.3\Apps\Home\Controller\LoginController.class.php 第 345 行.
NOTIC: [8] Undefined offset: 2 F:\phpStudy\WWW\tp3.2.3\Apps\Home\Controller\LoginController.class.php 第 390 行.
NOTIC: [8] Undefined offset: 2 F:\phpStudy\WWW\tp3.2.3\Apps\Home\Controller\LoginController.class.php 第 391 行.
NOTIC: [8] Undefined offset: 2 F:\phpStudy\WWW\tp3.2.3\Apps\Home\Controller\LoginController.class.php 第 392 行.
NOTIC: [8] Undefined offset: 2 F:\phpStudy\WWW\tp3.2.3\Apps\Home\Controller\LoginController.class.php 第 393 行.
ERR: 模板不存在:./Apps/Home/View/./Login_select().html

[ 2019-06-17T16:02:10+08:00 ] ::1 /tp3.2.3/Login/select
INFO: [ app_init ] --START--
INFO: Run Behavior\BuildLiteBehavior [ RunTime:0.000017s ]
INFO: [ app_init ] --END-- [ RunTime:0.000846s ]
INFO: [ app_begin ] --START--
INFO: Run Behavior\ReadHtmlCacheBehavior [ RunTime:0.001153s ]
INFO: [ app_begin ] --END-- [ RunTime:0.001222s ]
NOTIC: [8192] mysql_connect(): The mysql extension is deprecated and will be removed in the future: use mysqli or PDO instead F:\phpStudy\WWW\tp3.2.3\Apps\Home\Controller\LoginController.class.php 第 345 行.
NOTIC: [8] Undefined offset: 2 F:\phpStudy\WWW\tp3.2.3\Apps\Home\Controller\LoginController.class.php 第 390 行.
NOTIC: [8] Undefined offset: 2 F:\phpStudy\WWW\tp3.2.3\Apps\Home\Controller\LoginController.class.php 第 391 行.
NOTIC: [8] Undefined offset: 2 F:\phpStudy\WWW\tp3.2.3\Apps\Home\Controller\LoginController.class.php 第 392 行.
NOTIC: [8] Undefined offset: 2 F:\phpStudy\WWW\tp3.2.3\Apps\Home\Controller\LoginController.class.php 第 393 行.
ERR: 模板不存在:./Apps/Home/View/./Login_select().html

[ 2019-06-17T16:04:50+08:00 ] ::1 /Login/select
INFO: [ app_init ] --START--
INFO: Run Behavior\BuildLiteBehavior [ RunTime:0.000017s ]
INFO: [ app_init ] --END-- [ RunTime:0.001069s ]
INFO: [ app_begin ] --START--
INFO: Run Behavior\ReadHtmlCacheBehavior [ RunTime:0.001695s ]
INFO: [ app_begin ] --END-- [ RunTime:0.001766s ]
NOTIC: [8192] mysql_connect(): The mysql extension is deprecated and will be removed in the future: use mysqli or PDO instead F:\phpStudy\WWW\tp3.2.3\Apps\Home\Controller\LoginController.class.php 第 345 行.
NOTIC: [8] Undefined offset: 2 F:\phpStudy\WWW\tp3.2.3\Apps\Home\Controller\LoginController.class.php 第 390 行.
NOTIC: [8] Undefined offset: 2 F:\phpStudy\WWW\tp3.2.3\Apps\Home\Controller\LoginController.class.php 第 391 行.
NOTIC: [8] Undefined offset: 2 F:\phpStudy\WWW\tp3.2.3\Apps\Home\Controller\LoginController.class.php 第 392 行.
NOTIC: [8] Undefined offset: 2 F:\phpStudy\WWW\tp3.2.3\Apps\Home\Controller\LoginController.class.php 第 393 行.
ERR: 模板不存在:./Apps/Home/View/./Login_select().html

[ 2019-06-17T16:07:57+08:00 ] ::1 /index.php/Home/index/index.html
INFO: [ app_init ] --START--
INFO: Run Behavior\BuildLiteBehavior [ RunTime:0.000017s ]
INFO: [ app_init ] --END-- [ RunTime:0.001062s ]
INFO: [ app_begin ] --START--
INFO: Run Behavior\ReadHtmlCacheBehavior [ RunTime:0.001712s ]
INFO: [ app_begin ] --END-- [ RunTime:0.001783s ]
ERR: 无法加载控制器:Home

[ 2019-06-17T16:08:03+08:00 ] ::1 /index.php/index/index.html
INFO: [ app_init ] --START--
INFO: Run Behavior\BuildLiteBehavior [ RunTime:0.000018s ]
INFO: [ app_init ] --END-- [ RunTime:0.001363s ]
INFO: [ app_begin ] --START--
INFO: Run Behavior\ReadHtmlCacheBehavior [ RunTime:0.001753s ]
INFO: [ app_begin ] --END-- [ RunTime:0.001822s ]
ERR: 无法加载控制器:Index

[ 2019-06-17T16:08:10+08:00 ] ::1 /index.php/index.html
INFO: [ app_init ] --START--
INFO: Run Behavior\BuildLiteBehavior [ RunTime:0.000016s ]
INFO: [ app_init ] --END-- [ RunTime:0.000869s ]
INFO: [ app_begin ] --START--
INFO: Run Behavior\ReadHtmlCacheBehavior [ RunTime:0.001152s ]
INFO: [ app_begin ] --END-- [ RunTime:0.001222s ]
ERR: 无法加载控制器:Index

[ 2019-06-17T16:08:14+08:00 ] ::1 /index.php
INFO: [ app_init ] --START--
INFO: Run Behavior\BuildLiteBehavior [ RunTime:0.000017s ]
INFO: [ app_init ] --END-- [ RunTime:0.000861s ]
INFO: [ app_begin ] --START--
INFO: Run Behavior\ReadHtmlCacheBehavior [ RunTime:0.001118s ]
INFO: [ app_begin ] --END-- [ RunTime:0.001188s ]
ERR: 无法加载控制器:Index

